<?xml version="1.0" encoding="UTF-8"?>
<!-- Generated by org.testng.reporters.JUnitXMLReporter -->
<testsuite ignored="4" hostname="Mac-72.lan" failures="0" tests="2" name="MyDynamicTest" time="0.011" errors="0" timestamp="2025-07-12T21:24:26 PDT">
  <testcase classname="testngBasics.TestngPractice" name="testMethod4" time="0.0"/>
  <testcase classname="testngBasics.TestngPractice" name="testMethod1" time="0.0"/>
  <testcase classname="testngBasics.TestngPractice" name="testMethod3" time="0.0">
    <ignored/>
  </testcase> <!-- testMethod3 -->
  <testcase classname="testngBasics.TestngPractice" name="testMethod6" time="0.0">
    <ignored/>
  </testcase> <!-- testMethod6 -->
  <testcase classname="testngBasics.TestngPractice" name="testMethod5" time="0.0">
    <ignored/>
  </testcase> <!-- testMethod5 -->
  <testcase classname="testngBasics.TestngPractice" name="testMethod2" time="0.0">
    <ignored/>
  </testcase> <!-- testMethod2 -->
</testsuite> <!-- MyDynamicTest -->
