<?xml version="1.0" encoding="UTF-8"?>
<!-- Generated by org.testng.reporters.JUnitXMLReporter -->
<testsuite hostname="vivek-Lenovo-V310-14IKB" ignored="0" name="Default test" tests="6" failures="0" timestamp="2020-02-25T17:31:58 IST" time="0.066" errors="0">
  <testcase name="testMethod6" time="0.007" classname="testngBasics.TestngPractice"/>
  <testcase name="testMethod5" time="0.001" classname="testngBasics.TestngPractice"/>
  <testcase name="testMethod4" time="0.001" classname="testngBasics.TestngPractice"/>
  <testcase name="testMethod3" time="0.002" classname="testngBasics.TestngPractice"/>
  <testcase name="testMethod2" time="0.001" classname="testngBasics.TestngPractice"/>
  <testcase name="testMethod1" time="0.001" classname="testngBasics.TestngPractice"/>
</testsuite> <!-- Default test -->
