<?xml version="1.0" encoding="UTF-8"?>
<!-- Generated by org.testng.reporters.JUnitXMLReporter -->
<testsuite hostname="vivek-Lenovo-V310-14IKB" ignored="0" name="Different TestNG Features" tests="8" failures="2" timestamp="2020-01-30T22:07:03 IST" time="0.078" errors="0">
  <testcase name="test2" time="0.015" classname="RetryTest.RetryFailedTestClassWise">
    <skipped/>
  </testcase> <!-- test2 -->
  <testcase name="test1" time="0.016" classname="RetryTest.RetryFailedTestClassWise">
    <skipped/>
  </testcase> <!-- test1 -->
  <testcase name="test2" time="0.002" classname="RetryTest.RetryFailedTestClassWise">
    <skipped/>
  </testcase> <!-- test2 -->
  <testcase name="test1" time="0.002" classname="RetryTest.RetryFailedTestClassWise">
    <skipped/>
  </testcase> <!-- test1 -->
  <testcase name="test2" time="0.002" classname="RetryTest.RetryFailedTestClassWise">
    <skipped/>
  </testcase> <!-- test2 -->
  <testcase name="test1" time="0.003" classname="RetryTest.RetryFailedTestClassWise">
    <skipped/>
  </testcase> <!-- test1 -->
  <testcase name="test2" time="0.003" classname="RetryTest.RetryFailedTestClassWise">
    <failure type="java.lang.AssertionError" message="expected [false] but found [true]">
      <![CDATA[java.lang.AssertionError: expected [false] but found [true]
at RetryTest.RetryFailedTestClassWise.test2(RetryFailedTestClassWise.java:17)
at java.util.concurrent.ThreadPoolExecutor.runWorker(ThreadPoolExecutor.java:1149)
at java.util.concurrent.ThreadPoolExecutor$Worker.run(ThreadPoolExecutor.java:624)
at java.lang.Thread.run(Thread.java:748)
... Removed 17 stack frames]]>
    </failure>
  </testcase> <!-- test2 -->
  <testcase name="test1" time="0.002" classname="RetryTest.RetryFailedTestClassWise">
    <failure type="java.lang.AssertionError" message="expected [false] but found [true]">
      <![CDATA[java.lang.AssertionError: expected [false] but found [true]
at RetryTest.RetryFailedTestClassWise.test1(RetryFailedTestClassWise.java:11)
at java.util.concurrent.ThreadPoolExecutor.runWorker(ThreadPoolExecutor.java:1149)
at java.util.concurrent.ThreadPoolExecutor$Worker.run(ThreadPoolExecutor.java:624)
at java.lang.Thread.run(Thread.java:748)
... Removed 17 stack frames]]>
    </failure>
  </testcase> <!-- test1 -->
</testsuite> <!-- Different TestNG Features -->
