<?xml version="1.0" encoding="UTF-8"?>
<testng-results skipped="0" failed="0" ignored="0" total="6" passed="6">
  <reporter-output>
  </reporter-output>
  <suite name="Default suite" duration-ms="66" started-at="2020-02-25T17:31:58 IST" finished-at="2020-02-25T17:31:58 IST">
    <groups>
      <group name="major">
        <method signature="TestngPractice.testMethod2()[pri:5, instance:testngBasics.TestngPractice@7494e528]" name="testMethod2" class="testngBasics.TestngPractice"/>
        <method signature="TestngPractice.testMethod5()[pri:2, instance:testngBasics.TestngPractice@7494e528]" name="testMethod5" class="testngBasics.TestngPractice"/>
      </group> <!-- major -->
      <group name="minor">
        <method signature="TestngPractice.testMethod1()[pri:6, instance:testngBasics.TestngPractice@7494e528]" name="testMethod1" class="testngBasics.TestngPractice"/>
        <method signature="TestngPractice.testMethod4()[pri:3, instance:testngBasics.TestngPractice@7494e528]" name="testMethod4" class="testngBasics.TestngPractice"/>
      </group> <!-- minor -->
      <group name="tiny">
        <method signature="TestngPractice.testMethod3()[pri:4, instance:testngBasics.TestngPractice@7494e528]" name="testMethod3" class="testngBasics.TestngPractice"/>
        <method signature="TestngPractice.testMethod6()[pri:1, instance:testngBasics.TestngPractice@7494e528]" name="testMethod6" class="testngBasics.TestngPractice"/>
      </group> <!-- tiny -->
    </groups>
    <test name="Default test" duration-ms="66" started-at="2020-02-25T17:31:58 IST" finished-at="2020-02-25T17:31:58 IST">
      <class name="testngBasics.TestngPractice">
        <test-method status="PASS" signature="beforeSuite()[pri:0, instance:testngBasics.TestngPractice@7494e528]" name="beforeSuite" is-config="true" duration-ms="15" started-at="2020-02-25T17:31:58 IST" finished-at="2020-02-25T17:31:58 IST">
          <reporter-output>
          </reporter-output>
        </test-method> <!-- beforeSuite -->
        <test-method status="PASS" signature="beforeTest()[pri:0, instance:testngBasics.TestngPractice@7494e528]" name="beforeTest" is-config="true" duration-ms="0" started-at="2020-02-25T17:31:58 IST" finished-at="2020-02-25T17:31:58 IST">
          <reporter-output>
          </reporter-output>
        </test-method> <!-- beforeTest -->
        <test-method status="PASS" signature="beforeClass()[pri:0, instance:testngBasics.TestngPractice@7494e528]" name="beforeClass" is-config="true" duration-ms="0" started-at="2020-02-25T17:31:58 IST" finished-at="2020-02-25T17:31:58 IST">
          <reporter-output>
          </reporter-output>
        </test-method> <!-- beforeClass -->
        <test-method status="PASS" signature="beforeMethod()[pri:0, instance:testngBasics.TestngPractice@7494e528]" name="beforeMethod" is-config="true" duration-ms="1" started-at="2020-02-25T17:31:58 IST" finished-at="2020-02-25T17:31:58 IST">
          <reporter-output>
          </reporter-output>
        </test-method> <!-- beforeMethod -->
        <test-method status="PASS" signature="testMethod6()[pri:1, instance:testngBasics.TestngPractice@7494e528]" name="testMethod6" duration-ms="7" started-at="2020-02-25T17:31:58 IST" finished-at="2020-02-25T17:31:58 IST">
          <reporter-output>
          </reporter-output>
        </test-method> <!-- testMethod6 -->
        <test-method status="PASS" signature="afterMethod()[pri:0, instance:testngBasics.TestngPractice@7494e528]" name="afterMethod" is-config="true" duration-ms="0" started-at="2020-02-25T17:31:58 IST" finished-at="2020-02-25T17:31:58 IST">
          <reporter-output>
          </reporter-output>
        </test-method> <!-- afterMethod -->
        <test-method status="PASS" signature="beforeMethod()[pri:0, instance:testngBasics.TestngPractice@7494e528]" name="beforeMethod" is-config="true" duration-ms="1" started-at="2020-02-25T17:31:58 IST" finished-at="2020-02-25T17:31:58 IST">
          <reporter-output>
          </reporter-output>
        </test-method> <!-- beforeMethod -->
        <test-method status="PASS" signature="testMethod5()[pri:2, instance:testngBasics.TestngPractice@7494e528]" name="testMethod5" duration-ms="1" started-at="2020-02-25T17:31:58 IST" finished-at="2020-02-25T17:31:58 IST">
          <reporter-output>
          </reporter-output>
        </test-method> <!-- testMethod5 -->
        <test-method status="PASS" signature="afterMethod()[pri:0, instance:testngBasics.TestngPractice@7494e528]" name="afterMethod" is-config="true" duration-ms="1" started-at="2020-02-25T17:31:58 IST" finished-at="2020-02-25T17:31:58 IST">
          <reporter-output>
          </reporter-output>
        </test-method> <!-- afterMethod -->
        <test-method status="PASS" signature="beforeMethod()[pri:0, instance:testngBasics.TestngPractice@7494e528]" name="beforeMethod" is-config="true" duration-ms="1" started-at="2020-02-25T17:31:58 IST" finished-at="2020-02-25T17:31:58 IST">
          <reporter-output>
          </reporter-output>
        </test-method> <!-- beforeMethod -->
        <test-method status="PASS" signature="testMethod4()[pri:3, instance:testngBasics.TestngPractice@7494e528]" name="testMethod4" duration-ms="1" started-at="2020-02-25T17:31:58 IST" finished-at="2020-02-25T17:31:58 IST">
          <reporter-output>
          </reporter-output>
        </test-method> <!-- testMethod4 -->
        <test-method status="PASS" signature="afterMethod()[pri:0, instance:testngBasics.TestngPractice@7494e528]" name="afterMethod" is-config="true" duration-ms="0" started-at="2020-02-25T17:31:58 IST" finished-at="2020-02-25T17:31:58 IST">
          <reporter-output>
          </reporter-output>
        </test-method> <!-- afterMethod -->
        <test-method status="PASS" signature="testMethod3()[pri:4, instance:testngBasics.TestngPractice@7494e528]" name="testMethod3" duration-ms="2" started-at="2020-02-25T17:31:58 IST" finished-at="2020-02-25T17:31:58 IST">
          <reporter-output>
          </reporter-output>
        </test-method> <!-- testMethod3 -->
        <test-method status="PASS" signature="beforeMethod()[pri:0, instance:testngBasics.TestngPractice@7494e528]" name="beforeMethod" is-config="true" duration-ms="0" started-at="2020-02-25T17:31:58 IST" finished-at="2020-02-25T17:31:58 IST">
          <reporter-output>
          </reporter-output>
        </test-method> <!-- beforeMethod -->
        <test-method status="PASS" signature="afterMethod()[pri:0, instance:testngBasics.TestngPractice@7494e528]" name="afterMethod" is-config="true" duration-ms="0" started-at="2020-02-25T17:31:58 IST" finished-at="2020-02-25T17:31:58 IST">
          <reporter-output>
          </reporter-output>
        </test-method> <!-- afterMethod -->
        <test-method status="PASS" signature="beforeMethod()[pri:0, instance:testngBasics.TestngPractice@7494e528]" name="beforeMethod" is-config="true" duration-ms="1" started-at="2020-02-25T17:31:58 IST" finished-at="2020-02-25T17:31:58 IST">
          <reporter-output>
          </reporter-output>
        </test-method> <!-- beforeMethod -->
        <test-method status="PASS" signature="testMethod2()[pri:5, instance:testngBasics.TestngPractice@7494e528]" name="testMethod2" duration-ms="1" started-at="2020-02-25T17:31:58 IST" finished-at="2020-02-25T17:31:58 IST">
          <reporter-output>
          </reporter-output>
        </test-method> <!-- testMethod2 -->
        <test-method status="PASS" signature="afterMethod()[pri:0, instance:testngBasics.TestngPractice@7494e528]" name="afterMethod" is-config="true" duration-ms="0" started-at="2020-02-25T17:31:58 IST" finished-at="2020-02-25T17:31:58 IST">
          <reporter-output>
          </reporter-output>
        </test-method> <!-- afterMethod -->
        <test-method status="PASS" signature="beforeMethod()[pri:0, instance:testngBasics.TestngPractice@7494e528]" name="beforeMethod" is-config="true" duration-ms="0" started-at="2020-02-25T17:31:58 IST" finished-at="2020-02-25T17:31:58 IST">
          <reporter-output>
          </reporter-output>
        </test-method> <!-- beforeMethod -->
        <test-method status="PASS" signature="testMethod1()[pri:6, instance:testngBasics.TestngPractice@7494e528]" name="testMethod1" duration-ms="1" started-at="2020-02-25T17:31:58 IST" finished-at="2020-02-25T17:31:58 IST">
          <reporter-output>
          </reporter-output>
        </test-method> <!-- testMethod1 -->
        <test-method status="PASS" signature="afterMethod()[pri:0, instance:testngBasics.TestngPractice@7494e528]" name="afterMethod" is-config="true" duration-ms="0" started-at="2020-02-25T17:31:58 IST" finished-at="2020-02-25T17:31:58 IST">
          <reporter-output>
          </reporter-output>
        </test-method> <!-- afterMethod -->
        <test-method status="PASS" signature="afterClass()[pri:0, instance:testngBasics.TestngPractice@7494e528]" name="afterClass" is-config="true" duration-ms="0" started-at="2020-02-25T17:31:58 IST" finished-at="2020-02-25T17:31:58 IST">
          <reporter-output>
          </reporter-output>
        </test-method> <!-- afterClass -->
        <test-method status="PASS" signature="afterTest()[pri:0, instance:testngBasics.TestngPractice@7494e528]" name="afterTest" is-config="true" duration-ms="0" started-at="2020-02-25T17:31:58 IST" finished-at="2020-02-25T17:31:58 IST">
          <reporter-output>
          </reporter-output>
        </test-method> <!-- afterTest -->
        <test-method status="PASS" signature="afterSuite()[pri:0, instance:testngBasics.TestngPractice@7494e528]" name="afterSuite" is-config="true" duration-ms="0" started-at="2020-02-25T17:31:58 IST" finished-at="2020-02-25T17:31:58 IST">
          <reporter-output>
          </reporter-output>
        </test-method> <!-- afterSuite -->
      </class> <!-- testngBasics.TestngPractice -->
    </test> <!-- Default test -->
  </suite> <!-- Default suite -->
</testng-results>
