<?xml version="1.0" encoding="UTF-8"?>
<testng-results ignored="0" total="2" passed="2" failed="0" skipped="0">
  <reporter-output>
  </reporter-output>
  <suite started-at="2025-07-12T21:24:26 PDT" name="PracticeSuite" finished-at="2025-07-12T21:24:26 PDT" duration-ms="11">
    <groups>
      <group name="minor">
        <method signature="TestngPractice.testMethod4()[pri:3, instance:testngBasics.TestngPractice@4f51b3e0]" name="testMethod4" class="testngBasics.TestngPractice"/>
        <method signature="TestngPractice.testMethod1()[pri:6, instance:testngBasics.TestngPractice@4f51b3e0]" name="testMethod1" class="testngBasics.TestngPractice"/>
      </group> <!-- minor -->
    </groups>
    <test started-at="2025-07-12T21:24:26 PDT" name="MyDynamicTest" finished-at="2025-07-12T21:24:26 PDT" duration-ms="11">
      <class name="testngBasics.TestngPractice">
        <test-method is-config="true" signature="beforeSuite()[pri:0, instance:testngBasics.TestngPractice@4f51b3e0]" started-at="2025-07-12T21:24:26 PDT" name="beforeSuite" finished-at="2025-07-12T21:24:26 PDT" duration-ms="3" status="PASS">
          <reporter-output>
          </reporter-output>
        </test-method> <!-- beforeSuite -->
        <test-method is-config="true" signature="beforeTest()[pri:0, instance:testngBasics.TestngPractice@4f51b3e0]" started-at="2025-07-12T21:24:26 PDT" name="beforeTest" finished-at="2025-07-12T21:24:26 PDT" duration-ms="0" status="PASS">
          <reporter-output>
          </reporter-output>
        </test-method> <!-- beforeTest -->
        <test-method is-config="true" signature="beforeClass()[pri:0, instance:testngBasics.TestngPractice@4f51b3e0]" started-at="2025-07-12T21:24:26 PDT" name="beforeClass" finished-at="2025-07-12T21:24:26 PDT" duration-ms="0" status="PASS">
          <reporter-output>
          </reporter-output>
        </test-method> <!-- beforeClass -->
        <test-method is-config="true" signature="beforeMethod()[pri:0, instance:testngBasics.TestngPractice@4f51b3e0]" started-at="2025-07-12T21:24:26 PDT" name="beforeMethod" finished-at="2025-07-12T21:24:26 PDT" duration-ms="1" status="PASS">
          <reporter-output>
          </reporter-output>
        </test-method> <!-- beforeMethod -->
        <test-method signature="testMethod4()[pri:3, instance:testngBasics.TestngPractice@4f51b3e0]" started-at="2025-07-12T21:24:26 PDT" name="testMethod4" finished-at="2025-07-12T21:24:26 PDT" duration-ms="0" status="PASS">
          <reporter-output>
          </reporter-output>
        </test-method> <!-- testMethod4 -->
        <test-method is-config="true" signature="afterMethod()[pri:0, instance:testngBasics.TestngPractice@4f51b3e0]" started-at="2025-07-12T21:24:26 PDT" name="afterMethod" finished-at="2025-07-12T21:24:26 PDT" duration-ms="0" status="PASS">
          <reporter-output>
          </reporter-output>
        </test-method> <!-- afterMethod -->
        <test-method signature="testMethod1()[pri:6, instance:testngBasics.TestngPractice@4f51b3e0]" started-at="2025-07-12T21:24:26 PDT" name="testMethod1" finished-at="2025-07-12T21:24:26 PDT" duration-ms="0" status="PASS">
          <reporter-output>
          </reporter-output>
        </test-method> <!-- testMethod1 -->
        <test-method is-config="true" signature="beforeMethod()[pri:0, instance:testngBasics.TestngPractice@4f51b3e0]" started-at="2025-07-12T21:24:26 PDT" name="beforeMethod" finished-at="2025-07-12T21:24:26 PDT" duration-ms="0" status="PASS">
          <reporter-output>
          </reporter-output>
        </test-method> <!-- beforeMethod -->
        <test-method is-config="true" signature="afterMethod()[pri:0, instance:testngBasics.TestngPractice@4f51b3e0]" started-at="2025-07-12T21:24:26 PDT" name="afterMethod" finished-at="2025-07-12T21:24:26 PDT" duration-ms="0" status="PASS">
          <reporter-output>
          </reporter-output>
        </test-method> <!-- afterMethod -->
        <test-method is-config="true" signature="afterClass()[pri:0, instance:testngBasics.TestngPractice@4f51b3e0]" started-at="2025-07-12T21:24:26 PDT" name="afterClass" finished-at="2025-07-12T21:24:26 PDT" duration-ms="0" status="PASS">
          <reporter-output>
          </reporter-output>
        </test-method> <!-- afterClass -->
        <test-method is-config="true" signature="afterTest()[pri:0, instance:testngBasics.TestngPractice@4f51b3e0]" started-at="2025-07-12T21:24:26 PDT" name="afterTest" finished-at="2025-07-12T21:24:26 PDT" duration-ms="0" status="PASS">
          <reporter-output>
          </reporter-output>
        </test-method> <!-- afterTest -->
        <test-method is-config="true" signature="afterSuite()[pri:0, instance:testngBasics.TestngPractice@4f51b3e0]" started-at="2025-07-12T21:24:26 PDT" name="afterSuite" finished-at="2025-07-12T21:24:26 PDT" duration-ms="1" status="PASS">
          <reporter-output>
          </reporter-output>
        </test-method> <!-- afterSuite -->
      </class> <!-- testngBasics.TestngPractice -->
    </test> <!-- MyDynamicTest -->
  </suite> <!-- PracticeSuite -->
</testng-results>
